[2021-05-25T14:53:42.687] [DEBUG] cheese - login => username:admin,password:123456
[2021-05-25T14:53:42.688] [DEBUG] cheese - admin
[2021-05-25T14:53:42.703] [DEBUG] cheese - null
[2021-05-25T14:53:42.703] [DEBUG] cheese - null
[2022-07-21T15:37:49.537] [DEBUG] cheese - login => username:admin,password:123456
[2022-07-21T15:37:49.541] [DEBUG] cheese - admin
[2022-07-21T15:37:49.567] [DEBUG] cheese - null
[2022-07-21T15:37:49.568] [DEBUG] cheese - null
[2022-07-21T16:29:57.335] [DEBUG] cheese - login => username:admin,password:123456
[2022-07-21T16:29:57.335] [DEBUG] cheese - admin
[2022-07-21T16:29:57.343] [DEBUG] cheese - null
[2022-07-21T16:29:57.343] [DEBUG] cheese - null
[2022-07-21T16:30:09.769] [DEBUG] cheese - login => username:admin,password:123456
[2022-07-21T16:30:09.770] [DEBUG] cheese - admin
[2022-07-21T16:30:09.772] [DEBUG] cheese - null
[2022-07-21T16:30:09.773] [DEBUG] cheese - null
[2022-07-22T09:24:30.737] [DEBUG] cheese - login => username:admin,password:123456
[2022-07-22T09:24:30.739] [DEBUG] cheese - admin
[2022-07-22T09:24:30.763] [DEBUG] cheese - null
[2022-07-22T09:24:30.764] [DEBUG] cheese - null
[2022-07-22T09:30:10.678] [DEBUG] cheese - login => username:admin,password:123456
[2022-07-22T09:30:10.678] [DEBUG] cheese - admin
[2022-07-22T09:30:10.682] [DEBUG] cheese - null
[2022-07-22T09:30:10.682] [DEBUG] cheese - null
[2022-07-22T09:31:38.741] [DEBUG] cheese - login => username:admin,password:123456
[2022-07-22T09:31:38.742] [DEBUG] cheese - admin
[2022-07-22T09:31:38.746] [DEBUG] cheese - null
[2022-07-22T09:31:38.746] [DEBUG] cheese - null
[2022-07-22T09:41:05.404] [DEBUG] cheese - login => username:admin,password:123456
[2022-07-22T09:41:05.404] [DEBUG] cheese - admin
[2022-07-22T09:41:05.408] [DEBUG] cheese - null
[2022-07-22T09:41:05.408] [DEBUG] cheese - null
[2022-07-22T10:23:32.043] [DEBUG] cheese - login => username:admin,password:123456
[2022-07-22T10:23:32.043] [DEBUG] cheese - admin
[2022-07-22T10:23:32.049] [DEBUG] cheese - null
[2022-07-22T10:23:32.049] [DEBUG] cheese - null
[2022-07-22T10:37:58.116] [DEBUG] cheese - login => username:admin,password:123456
[2022-07-22T10:37:58.116] [DEBUG] cheese - admin
[2022-07-22T10:37:58.119] [DEBUG] cheese - null
[2022-07-22T10:37:58.119] [DEBUG] cheese - null
[2022-07-22T10:41:57.588] [DEBUG] cheese - login => username:admin,password:123456
[2022-07-22T10:41:57.588] [DEBUG] cheese - admin
[2022-07-22T10:41:57.592] [DEBUG] cheese - null
[2022-07-22T10:41:57.592] [DEBUG] cheese - null
[2022-07-22T16:26:13.659] [DEBUG] cheese - login => username:admin,password:123456
[2022-07-22T16:26:13.660] [DEBUG] cheese - admin
[2022-07-22T16:26:13.696] [DEBUG] cheese - null
[2022-07-22T16:26:13.696] [DEBUG] cheese - null
[2022-07-22T17:38:25.986] [DEBUG] cheese - login => username:admin,password:123456
[2022-07-22T17:38:25.988] [DEBUG] cheese - admin
[2022-07-22T17:38:25.999] [DEBUG] cheese - null
[2022-07-22T17:38:25.999] [DEBUG] cheese - null
[2022-07-22T17:44:03.937] [DEBUG] cheese - login => username:admin,password:123456
[2022-07-22T17:44:03.938] [DEBUG] cheese - admin
[2022-07-22T17:44:03.941] [DEBUG] cheese - null
[2022-07-22T17:44:03.941] [DEBUG] cheese - null
[2022-07-25T09:32:01.515] [DEBUG] cheese - login => username:admin,password:123456
[2022-07-25T09:32:01.516] [DEBUG] cheese - admin
[2022-07-25T09:32:01.587] [DEBUG] cheese - null
[2022-07-25T09:32:01.588] [DEBUG] cheese - null
[2022-07-25T10:55:54.548] [DEBUG] cheese - login => username:admin,password:123456
[2022-07-25T10:55:54.549] [DEBUG] cheese - admin
[2022-07-25T10:55:54.556] [DEBUG] cheese - null
[2022-07-25T10:55:54.556] [DEBUG] cheese - null
[2022-07-25T11:02:37.215] [DEBUG] cheese - login => username:admin,password:123456
[2022-07-25T11:02:37.216] [DEBUG] cheese - admin
[2022-07-25T11:02:37.220] [DEBUG] cheese - null
[2022-07-25T11:02:37.220] [DEBUG] cheese - null
[2022-07-25T11:18:10.162] [DEBUG] cheese - login => username:admin,password:123456
[2022-07-25T11:18:10.162] [DEBUG] cheese - admin
[2022-07-25T11:18:10.165] [DEBUG] cheese - null
[2022-07-25T11:18:10.166] [DEBUG] cheese - null
[2022-07-25T11:25:43.748] [DEBUG] cheese - login => username:admin,password:123456
[2022-07-25T11:25:43.748] [DEBUG] cheese - admin
[2022-07-25T11:25:43.752] [DEBUG] cheese - null
[2022-07-25T11:25:43.752] [DEBUG] cheese - null
[2022-07-25T13:08:08.569] [DEBUG] cheese - login => username:admin,password:123456
[2022-07-25T13:08:08.570] [DEBUG] cheese - admin
[2022-07-25T13:08:08.580] [DEBUG] cheese - null
[2022-07-25T13:08:08.580] [DEBUG] cheese - null
[2022-07-25T13:35:19.056] [DEBUG] cheese - login => username:admin,password:123456
[2022-07-25T13:35:19.056] [DEBUG] cheese - admin
[2022-07-25T13:35:19.059] [DEBUG] cheese - null
[2022-07-25T13:35:19.060] [DEBUG] cheese - null
[2022-07-26T15:30:41.881] [DEBUG] cheese - login => username:admin,password:123456
[2022-07-26T15:30:41.882] [DEBUG] cheese - admin
[2022-07-26T15:30:41.958] [DEBUG] cheese - null
[2022-07-26T15:30:41.958] [DEBUG] cheese - null
[2022-07-28T16:37:14.057] [DEBUG] cheese - login => username:admin,password:123456
[2022-07-28T16:37:14.061] [DEBUG] cheese - admin
[2022-07-28T16:37:14.247] [DEBUG] cheese - null
[2022-07-28T16:37:14.247] [DEBUG] cheese - null
[2022-07-28T16:53:02.551] [DEBUG] cheese - login => username:admin,password:123456
[2022-07-28T16:53:02.552] [DEBUG] cheese - admin
[2022-07-28T16:53:02.556] [DEBUG] cheese - null
[2022-07-28T16:53:02.556] [DEBUG] cheese - null
[2022-07-28T16:53:42.358] [DEBUG] cheese - login => username:admin,password:123456
[2022-07-28T16:53:42.359] [DEBUG] cheese - admin
[2022-07-28T16:53:42.362] [DEBUG] cheese - null
[2022-07-28T16:53:42.362] [DEBUG] cheese - null
[2022-07-28T16:55:19.717] [DEBUG] cheese - login => username:admin,password:123456
[2022-07-28T16:55:19.717] [DEBUG] cheese - admin
[2022-07-28T16:55:19.721] [DEBUG] cheese - null
[2022-07-28T16:55:19.721] [DEBUG] cheese - null
[2022-07-28T16:55:40.652] [DEBUG] cheese - login => username:admin,password:123456
[2022-07-28T16:55:40.652] [DEBUG] cheese - admin
[2022-07-28T16:55:40.656] [DEBUG] cheese - null
[2022-07-28T16:55:40.656] [DEBUG] cheese - null
[2022-07-28T16:57:34.720] [DEBUG] cheese - login => username:admin,password:123456
[2022-07-28T16:57:34.721] [DEBUG] cheese - admin
[2022-07-28T16:57:34.724] [DEBUG] cheese - null
[2022-07-28T16:57:34.724] [DEBUG] cheese - null
[2022-07-28T16:57:56.161] [DEBUG] cheese - login => username:admin,password:123456
[2022-07-28T16:57:56.161] [DEBUG] cheese - admin
[2022-07-28T16:57:56.164] [DEBUG] cheese - null
[2022-07-28T16:57:56.164] [DEBUG] cheese - null
[2022-07-28T16:59:07.945] [DEBUG] cheese - login => username:admin,password:123456
[2022-07-28T16:59:07.945] [DEBUG] cheese - admin
[2022-07-28T16:59:07.948] [DEBUG] cheese - null
[2022-07-28T16:59:07.948] [DEBUG] cheese - null
[2022-07-28T17:00:20.157] [DEBUG] cheese - login => username:admin,password:123456
[2022-07-28T17:00:20.157] [DEBUG] cheese - admin
[2022-07-28T17:00:20.161] [DEBUG] cheese - null
[2022-07-28T17:00:20.161] [DEBUG] cheese - null
[2022-07-28T17:06:06.529] [DEBUG] cheese - login => username:admin,password:123456
[2022-07-28T17:06:06.529] [DEBUG] cheese - admin
[2022-07-28T17:06:06.533] [DEBUG] cheese - null
[2022-07-28T17:06:06.533] [DEBUG] cheese - null
[2022-07-29T09:18:18.859] [DEBUG] cheese - login => username:admin,password:123456
[2022-07-29T09:18:18.863] [DEBUG] cheese - admin
[2022-07-29T09:18:18.955] [DEBUG] cheese - null
[2022-07-29T09:18:18.956] [DEBUG] cheese - null
[2022-07-29T09:40:41.889] [DEBUG] cheese - login => username:admin,password:123456
[2022-07-29T09:40:41.891] [DEBUG] cheese - admin
[2022-07-29T09:40:41.903] [DEBUG] cheese - null
[2022-07-29T09:40:41.904] [DEBUG] cheese - null
[2022-07-29T09:44:30.954] [DEBUG] cheese - login => username:admin,password:123456
[2022-07-29T09:44:30.955] [DEBUG] cheese - admin
[2022-07-29T09:44:30.959] [DEBUG] cheese - null
[2022-07-29T09:44:30.960] [DEBUG] cheese - null
[2022-07-29T09:51:54.523] [DEBUG] cheese - login => username:admin,password:123456
[2022-07-29T09:51:54.524] [DEBUG] cheese - admin
[2022-07-29T09:51:54.528] [DEBUG] cheese - null
[2022-07-29T09:51:54.528] [DEBUG] cheese - null
[2022-07-29T09:51:56.084] [DEBUG] cheese - login => username:admin,password:123456
[2022-07-29T09:51:56.084] [DEBUG] cheese - admin
[2022-07-29T09:51:56.086] [DEBUG] cheese - null
[2022-07-29T09:51:56.087] [DEBUG] cheese - null
[2022-07-29T09:51:57.045] [DEBUG] cheese - login => username:admin,password:123456
[2022-07-29T09:51:57.045] [DEBUG] cheese - admin
[2022-07-29T09:51:57.048] [DEBUG] cheese - null
[2022-07-29T09:51:57.048] [DEBUG] cheese - null
[2022-07-29T09:51:57.643] [DEBUG] cheese - login => username:admin,password:123456
[2022-07-29T09:51:57.643] [DEBUG] cheese - admin
[2022-07-29T09:51:57.646] [DEBUG] cheese - null
[2022-07-29T09:51:57.646] [DEBUG] cheese - null
[2022-07-29T09:53:06.205] [DEBUG] cheese - login => username:admin,password:123456
[2022-07-29T09:53:06.205] [DEBUG] cheese - admin
[2022-07-29T09:53:06.209] [DEBUG] cheese - null
[2022-07-29T09:53:06.209] [DEBUG] cheese - null
[2022-07-29T09:55:10.812] [DEBUG] cheese - login => username:admin,password:123456
[2022-07-29T09:55:10.812] [DEBUG] cheese - admin
[2022-07-29T09:55:10.815] [DEBUG] cheese - null
[2022-07-29T09:55:10.815] [DEBUG] cheese - null
[2022-07-29T10:43:35.949] [DEBUG] cheese - login => username:hello,password:123456
[2022-07-29T10:43:35.949] [DEBUG] cheese - hello
[2022-07-29T10:43:35.980] [DEBUG] cheese - null
[2022-07-29T10:43:35.980] [DEBUG] cheese - null
[2022-07-29T10:44:39.189] [DEBUG] cheese - login => username:admin,password:123456
[2022-07-29T10:44:39.190] [DEBUG] cheese - admin
[2022-07-29T10:44:39.215] [DEBUG] cheese - null
[2022-07-29T10:44:39.215] [DEBUG] cheese - null
[2022-07-29T14:11:25.878] [DEBUG] cheese - login => username:admin,password:123456
[2022-07-29T14:11:25.880] [DEBUG] cheese - admin
[2022-07-29T14:11:25.893] [DEBUG] cheese - null
[2022-07-29T14:11:25.894] [DEBUG] cheese - null
[2022-07-29T14:16:24.419] [DEBUG] cheese - login => username:wzy,password:19990921
[2022-07-29T14:16:24.420] [DEBUG] cheese - wzy
[2022-07-29T14:16:24.423] [DEBUG] cheese - null
[2022-07-29T14:16:24.423] [DEBUG] cheese - null
[2022-07-29T14:16:26.025] [DEBUG] cheese - login => username:wzy,password:19990921
[2022-07-29T14:16:26.025] [DEBUG] cheese - wzy
[2022-07-29T14:16:26.029] [DEBUG] cheese - null
[2022-07-29T14:16:26.029] [DEBUG] cheese - null
[2022-07-29T14:16:45.372] [DEBUG] cheese - login => username:admin,password:123456
[2022-07-29T14:16:45.372] [DEBUG] cheese - admin
[2022-07-29T14:16:45.375] [DEBUG] cheese - null
[2022-07-29T14:16:45.375] [DEBUG] cheese - null
[2022-07-29T15:04:04.043] [DEBUG] cheese - login => username:admin,password:123456
[2022-07-29T15:04:04.044] [DEBUG] cheese - admin
[2022-07-29T15:04:04.046] [DEBUG] cheese - null
[2022-07-29T15:04:04.046] [DEBUG] cheese - null
[2022-08-01T09:37:05.710] [DEBUG] cheese - login => username:admin,password:123456
[2022-08-01T09:37:05.712] [DEBUG] cheese - admin
[2022-08-01T09:37:05.783] [DEBUG] cheese - null
[2022-08-01T09:37:05.784] [DEBUG] cheese - null
[2022-08-01T09:49:55.314] [DEBUG] cheese - login => username:admin,password:123456
[2022-08-01T09:49:55.315] [DEBUG] cheese - admin
[2022-08-01T09:49:55.318] [DEBUG] cheese - null
[2022-08-01T09:49:55.318] [DEBUG] cheese - null
[2022-08-01T09:56:46.510] [DEBUG] cheese - login => username:admin,password:123456
[2022-08-01T09:56:46.510] [DEBUG] cheese - admin
[2022-08-01T09:56:46.515] [DEBUG] cheese - null
[2022-08-01T09:56:46.515] [DEBUG] cheese - null
[2022-08-01T10:38:14.983] [DEBUG] cheese - login => username:admin,password:123456
[2022-08-01T10:38:14.983] [DEBUG] cheese - admin
[2022-08-01T10:38:14.987] [DEBUG] cheese - null
[2022-08-01T10:38:14.988] [DEBUG] cheese - null
[2022-08-01T11:26:37.290] [DEBUG] cheese - login => username:admin,password:123456
[2022-08-01T11:26:37.290] [DEBUG] cheese - admin
[2022-08-01T11:26:37.293] [DEBUG] cheese - null
[2022-08-01T11:26:37.293] [DEBUG] cheese - null
[2022-08-05T15:11:43.376] [DEBUG] cheese - login => username:admin,password:123456
[2022-08-05T15:11:43.378] [DEBUG] cheese - admin
[2022-08-05T15:11:43.460] [DEBUG] cheese - null
[2022-08-05T15:11:43.461] [DEBUG] cheese - null
[2022-08-05T15:46:21.729] [DEBUG] cheese - null
[2022-08-05T15:46:24.143] [DEBUG] cheese - null
[2022-08-05T15:46:26.969] [DEBUG] cheese - null
[2022-08-05T15:46:30.241] [DEBUG] cheese - null
[2022-08-05T16:12:18.283] [DEBUG] cheese - login => username:admin,password:123456
[2022-08-05T16:12:18.284] [DEBUG] cheese - admin
[2022-08-05T16:12:18.288] [DEBUG] cheese - null
[2022-08-05T16:12:18.288] [DEBUG] cheese - null
[2022-08-08T13:34:40.092] [DEBUG] cheese - login => username:admin,password:123456
[2022-08-08T13:34:40.093] [DEBUG] cheese - admin
[2022-08-08T13:34:40.219] [DEBUG] cheese - null
[2022-08-08T13:34:40.220] [DEBUG] cheese - null
[2022-08-08T14:01:05.722] [DEBUG] cheese - login => username:admin,password:123456
[2022-08-08T14:01:05.723] [DEBUG] cheese - admin
[2022-08-08T14:01:05.727] [DEBUG] cheese - null
[2022-08-08T14:01:05.727] [DEBUG] cheese - null
[2022-08-08T16:24:26.085] [DEBUG] cheese - login => username:hfjgu,password:19990921
[2022-08-08T16:24:26.085] [DEBUG] cheese - hfjgu
[2022-08-08T16:24:26.098] [DEBUG] cheese - null
[2022-08-08T16:24:26.099] [DEBUG] cheese - null
[2022-08-08T16:24:30.710] [DEBUG] cheese - login => username:hfjgu,password:19990921
[2022-08-08T16:24:30.710] [DEBUG] cheese - hfjgu
[2022-08-08T16:24:30.713] [DEBUG] cheese - null
[2022-08-08T16:24:30.713] [DEBUG] cheese - null
[2022-08-08T16:24:34.426] [DEBUG] cheese - login => username:hfjgu,password:19990921
[2022-08-08T16:24:34.426] [DEBUG] cheese - hfjgu
[2022-08-08T16:24:34.430] [DEBUG] cheese - null
[2022-08-08T16:24:34.430] [DEBUG] cheese - null
[2022-08-08T16:24:53.449] [DEBUG] cheese - login => username:hfjgu,password:19990921
[2022-08-08T16:24:53.449] [DEBUG] cheese - hfjgu
[2022-08-08T16:24:53.452] [DEBUG] cheese - null
[2022-08-08T16:24:53.452] [DEBUG] cheese - null
[2022-08-08T16:25:09.085] [DEBUG] cheese - login => username:admin,password:123456
[2022-08-08T16:25:09.085] [DEBUG] cheese - admin
[2022-08-08T16:25:09.087] [DEBUG] cheese - null
[2022-08-08T16:25:09.087] [DEBUG] cheese - null
[2022-08-09T10:31:33.392] [DEBUG] cheese - login => username:admin,password:123456
[2022-08-09T10:31:33.393] [DEBUG] cheese - admin
[2022-08-09T10:31:33.428] [DEBUG] cheese - null
[2022-08-09T10:31:33.428] [DEBUG] cheese - null
[2022-08-09T13:08:37.348] [DEBUG] cheese - login => username:admin,password:123456
[2022-08-09T13:08:37.349] [DEBUG] cheese - admin
[2022-08-09T13:08:37.352] [DEBUG] cheese - null
[2022-08-09T13:08:37.352] [DEBUG] cheese - null
[2022-08-10T14:50:58.218] [DEBUG] cheese - login => username:admin,password:123456
[2022-08-10T14:50:58.220] [DEBUG] cheese - admin
[2022-08-10T14:50:58.279] [DEBUG] cheese - null
[2022-08-10T14:50:58.280] [DEBUG] cheese - null
[2022-08-10T16:34:36.175] [DEBUG] cheese - login => username:111111,password:111111
[2022-08-10T16:34:36.176] [DEBUG] cheese - 111111
[2022-08-10T16:34:36.180] [DEBUG] cheese - null
[2022-08-10T16:34:36.180] [DEBUG] cheese - null
[2022-08-10T16:34:46.243] [DEBUG] cheese - login => username:111111,password:111111
[2022-08-10T16:34:46.244] [DEBUG] cheese - 111111
[2022-08-10T16:34:46.246] [DEBUG] cheese - null
[2022-08-10T16:34:46.246] [DEBUG] cheese - null
[2022-08-10T16:43:59.433] [DEBUG] cheese - login => username:111111,password:111111
[2022-08-10T16:43:59.434] [DEBUG] cheese - 111111
[2022-08-10T16:43:59.443] [DEBUG] cheese - null
[2022-08-10T16:43:59.444] [DEBUG] cheese - null
[2022-08-10T16:49:54.491] [DEBUG] cheese - login => username:111111,password:111111
[2022-08-10T16:49:54.491] [DEBUG] cheese - 111111
[2022-08-10T16:49:54.496] [DEBUG] cheese - null
[2022-08-10T16:49:54.496] [DEBUG] cheese - null
[2022-08-10T16:54:25.112] [DEBUG] cheese - login => username:11111,password:111111
[2022-08-10T16:54:25.112] [DEBUG] cheese - 11111
[2022-08-10T16:54:25.116] [DEBUG] cheese - null
[2022-08-10T16:54:25.117] [DEBUG] cheese - null
[2022-08-10T16:55:56.279] [DEBUG] cheese - login => username:111111,password:111111
[2022-08-10T16:55:56.279] [DEBUG] cheese - 111111
[2022-08-10T16:55:56.282] [DEBUG] cheese - null
[2022-08-10T16:55:56.282] [DEBUG] cheese - null
[2022-08-10T17:01:40.282] [DEBUG] cheese - login => username:11111111,password:11111111
[2022-08-10T17:01:40.282] [DEBUG] cheese - 11111111
[2022-08-10T17:01:40.286] [DEBUG] cheese - null
[2022-08-10T17:01:40.286] [DEBUG] cheese - null
[2022-08-10T17:02:02.384] [DEBUG] cheese - login => username:111111,password:111111
[2022-08-10T17:02:02.385] [DEBUG] cheese - 111111
[2022-08-10T17:02:02.387] [DEBUG] cheese - null
[2022-08-10T17:02:02.387] [DEBUG] cheese - null
[2022-08-10T17:02:11.668] [DEBUG] cheese - login => username:111111,password:111111
[2022-08-10T17:02:11.668] [DEBUG] cheese - 111111
[2022-08-10T17:02:11.671] [DEBUG] cheese - null
[2022-08-10T17:02:11.671] [DEBUG] cheese - null
[2022-08-10T17:03:34.317] [DEBUG] cheese - login => username:111111,password:111111
[2022-08-10T17:03:34.318] [DEBUG] cheese - 111111
[2022-08-10T17:03:34.321] [DEBUG] cheese - null
[2022-08-10T17:03:34.321] [DEBUG] cheese - null
[2022-08-10T17:17:19.037] [DEBUG] cheese - login => username:111111,password:11111111
[2022-08-10T17:17:19.037] [DEBUG] cheese - 111111
[2022-08-10T17:17:19.041] [DEBUG] cheese - null
[2022-08-10T17:17:19.041] [DEBUG] cheese - null
[2022-08-11T10:06:48.661] [DEBUG] cheese - login => username:111111,password:111111
[2022-08-11T10:06:48.662] [DEBUG] cheese - 111111
[2022-08-11T10:06:48.719] [DEBUG] cheese - null
[2022-08-11T10:06:48.719] [DEBUG] cheese - null
[2022-08-11T14:26:08.688] [DEBUG] cheese - login => username:11111111,password:111111111
[2022-08-11T14:26:08.690] [DEBUG] cheese - 11111111
[2022-08-11T14:26:08.706] [DEBUG] cheese - null
[2022-08-11T14:26:08.706] [DEBUG] cheese - null
[2022-08-11T14:35:01.958] [DEBUG] cheese - login => username:111111,password:111111
[2022-08-11T14:35:01.958] [DEBUG] cheese - 111111
[2022-08-11T14:35:01.962] [DEBUG] cheese - null
[2022-08-11T14:35:01.963] [DEBUG] cheese - null
[2022-08-11T14:36:19.033] [DEBUG] cheese - login => username:111111,password:1111111
[2022-08-11T14:36:19.033] [DEBUG] cheese - 111111
[2022-08-11T14:36:19.037] [DEBUG] cheese - null
[2022-08-11T14:36:19.037] [DEBUG] cheese - null
[2022-08-11T14:54:34.763] [DEBUG] cheese - login => username:admin,password:11111111111111
[2022-08-11T14:54:34.764] [DEBUG] cheese - admin
[2022-08-11T14:54:34.777] [DEBUG] cheese - null
[2022-08-11T14:54:34.778] [DEBUG] cheese - null
[2022-08-11T14:55:04.992] [DEBUG] cheese - login => username:admin,password:123456
[2022-08-11T14:55:04.992] [DEBUG] cheese - admin
[2022-08-11T14:55:04.995] [DEBUG] cheese - null
[2022-08-11T14:55:04.995] [DEBUG] cheese - null
[2022-08-11T14:55:42.385] [DEBUG] cheese - login => username:111111,password:111111
[2022-08-11T14:55:42.386] [DEBUG] cheese - 111111
[2022-08-11T14:55:42.388] [DEBUG] cheese - null
[2022-08-11T14:55:42.388] [DEBUG] cheese - null
[2022-08-11T14:57:25.592] [DEBUG] cheese - login => username:11111111,password:11111111
[2022-08-11T14:57:25.593] [DEBUG] cheese - 11111111
[2022-08-11T14:57:25.596] [DEBUG] cheese - null
[2022-08-11T14:57:25.596] [DEBUG] cheese - null
[2022-08-11T15:03:05.878] [DEBUG] cheese - login => username:admin,password:123456
[2022-08-11T15:03:05.879] [DEBUG] cheese - admin
[2022-08-11T15:03:05.882] [DEBUG] cheese - null
[2022-08-11T15:03:05.882] [DEBUG] cheese - null
[2022-08-11T15:04:00.101] [DEBUG] cheese - login => username:admin,password:123456
[2022-08-11T15:04:00.101] [DEBUG] cheese - admin
[2022-08-11T15:04:00.104] [DEBUG] cheese - null
[2022-08-11T15:04:00.105] [DEBUG] cheese - null
[2022-08-11T15:12:25.820] [DEBUG] cheese - login => username:admin,password:123456
[2022-08-11T15:12:25.821] [DEBUG] cheese - admin
[2022-08-11T15:12:25.824] [DEBUG] cheese - null
[2022-08-11T15:12:25.824] [DEBUG] cheese - null
[2022-08-11T15:25:14.764] [DEBUG] cheese - login => username:admin,password:123456
[2022-08-11T15:25:14.764] [DEBUG] cheese - admin
[2022-08-11T15:25:14.767] [DEBUG] cheese - null
[2022-08-11T15:25:14.767] [DEBUG] cheese - null
[2022-08-11T15:27:32.254] [DEBUG] cheese - login => username:admin,password:123456
[2022-08-11T15:27:32.254] [DEBUG] cheese - admin
[2022-08-11T15:27:32.258] [DEBUG] cheese - null
[2022-08-11T15:27:32.258] [DEBUG] cheese - null
[2022-08-11T15:30:20.193] [DEBUG] cheese - login => username:admin,password:123456
[2022-08-11T15:30:20.193] [DEBUG] cheese - admin
[2022-08-11T15:30:20.197] [DEBUG] cheese - null
[2022-08-11T15:30:20.197] [DEBUG] cheese - null
[2022-08-11T15:33:05.637] [DEBUG] cheese - login => username:admin,password:123456
[2022-08-11T15:33:05.637] [DEBUG] cheese - admin
[2022-08-11T15:33:05.641] [DEBUG] cheese - null
[2022-08-11T15:33:05.641] [DEBUG] cheese - null
[2022-08-11T15:36:40.243] [DEBUG] cheese - login => username:admin,password:123456
[2022-08-11T15:36:40.243] [DEBUG] cheese - admin
[2022-08-11T15:36:40.247] [DEBUG] cheese - null
[2022-08-11T15:36:40.247] [DEBUG] cheese - null
[2022-08-11T15:37:53.617] [DEBUG] cheese - login => username:admin,password:123456
[2022-08-11T15:37:53.617] [DEBUG] cheese - admin
[2022-08-11T15:37:53.620] [DEBUG] cheese - null
[2022-08-11T15:37:53.620] [DEBUG] cheese - null
[2022-08-11T15:38:56.300] [DEBUG] cheese - login => username:admin,password:123456
[2022-08-11T15:38:56.300] [DEBUG] cheese - admin
[2022-08-11T15:38:56.303] [DEBUG] cheese - null
[2022-08-11T15:38:56.303] [DEBUG] cheese - null
[2022-08-11T15:39:24.854] [DEBUG] cheese - login => username:admin,password:111111111
[2022-08-11T15:39:24.854] [DEBUG] cheese - admin
[2022-08-11T15:39:24.857] [DEBUG] cheese - null
[2022-08-11T15:39:24.857] [DEBUG] cheese - null
[2022-08-11T15:42:11.612] [DEBUG] cheese - login => username:admin,password:123456
[2022-08-11T15:42:11.612] [DEBUG] cheese - admin
[2022-08-11T15:42:11.615] [DEBUG] cheese - null
[2022-08-11T15:42:11.615] [DEBUG] cheese - null
[2022-08-11T16:01:46.947] [DEBUG] cheese - login => username:admin,password:123456
[2022-08-11T16:01:46.947] [DEBUG] cheese - admin
[2022-08-11T16:01:46.950] [DEBUG] cheese - null
[2022-08-11T16:01:46.950] [DEBUG] cheese - null
[2022-08-11T16:33:20.350] [DEBUG] cheese - login => username:admin,password:123456
[2022-08-11T16:33:20.350] [DEBUG] cheese - admin
[2022-08-11T16:33:20.353] [DEBUG] cheese - null
[2022-08-11T16:33:20.353] [DEBUG] cheese - null
[2022-08-11T16:41:22.898] [DEBUG] cheese - login => username:admin,password:123456
[2022-08-11T16:41:22.898] [DEBUG] cheese - admin
[2022-08-11T16:41:22.902] [DEBUG] cheese - null
[2022-08-11T16:41:22.902] [DEBUG] cheese - null
[2022-08-11T16:41:56.872] [DEBUG] cheese - login => username:admin,password:123456
[2022-08-11T16:41:56.872] [DEBUG] cheese - admin
[2022-08-11T16:41:56.875] [DEBUG] cheese - null
[2022-08-11T16:41:56.875] [DEBUG] cheese - null
[2022-08-11T16:43:03.051] [DEBUG] cheese - login => username:admin,password:123456
[2022-08-11T16:43:03.051] [DEBUG] cheese - admin
[2022-08-11T16:43:03.054] [DEBUG] cheese - null
[2022-08-11T16:43:03.054] [DEBUG] cheese - null
[2022-08-11T16:45:13.709] [DEBUG] cheese - login => username:admin,password:123456
[2022-08-11T16:45:13.709] [DEBUG] cheese - admin
[2022-08-11T16:45:13.711] [DEBUG] cheese - null
[2022-08-11T16:45:13.712] [DEBUG] cheese - null
[2022-08-11T16:45:23.967] [DEBUG] cheese - login => username:admin,password:123456
[2022-08-11T16:45:23.967] [DEBUG] cheese - admin
[2022-08-11T16:45:23.970] [DEBUG] cheese - null
[2022-08-11T16:45:23.970] [DEBUG] cheese - null
[2022-08-11T16:56:29.007] [DEBUG] cheese - login => username:admin,password:123456
[2022-08-11T16:56:29.007] [DEBUG] cheese - admin
[2022-08-11T16:56:29.010] [DEBUG] cheese - null
[2022-08-11T16:56:29.010] [DEBUG] cheese - null
[2022-08-11T17:03:26.769] [DEBUG] cheese - login => username:admin,password:123456
[2022-08-11T17:03:26.770] [DEBUG] cheese - admin
[2022-08-11T17:03:26.773] [DEBUG] cheese - null
[2022-08-11T17:03:26.773] [DEBUG] cheese - null
[2022-08-12T09:56:56.351] [DEBUG] cheese - login => username:admin,password:123456
[2022-08-12T09:56:56.352] [DEBUG] cheese - admin
[2022-08-12T09:56:56.399] [DEBUG] cheese - null
[2022-08-12T09:56:56.400] [DEBUG] cheese - null
[2022-08-12T10:38:29.233] [DEBUG] cheese - login => username:admin,password:123456
[2022-08-12T10:38:29.234] [DEBUG] cheese - admin
[2022-08-12T10:38:29.249] [DEBUG] cheese - null
[2022-08-12T10:38:29.249] [DEBUG] cheese - null
[2022-08-12T14:01:17.555] [DEBUG] cheese - login => username:admin,password:123456
[2022-08-12T14:01:17.556] [DEBUG] cheese - admin
[2022-08-12T14:01:17.561] [DEBUG] cheese - null
[2022-08-12T14:01:17.561] [DEBUG] cheese - null
[2022-08-12T14:53:41.375] [DEBUG] cheese - login => username:admin,password:123456
[2022-08-12T14:53:41.375] [DEBUG] cheese - admin
[2022-08-12T14:53:41.379] [DEBUG] cheese - null
[2022-08-12T14:53:41.379] [DEBUG] cheese - null
[2022-08-13T17:49:21.332] [DEBUG] cheese - login => username:admin,password:123456
[2022-08-13T17:49:21.333] [DEBUG] cheese - admin
[2022-08-13T17:49:21.378] [DEBUG] cheese - null
[2022-08-13T17:49:21.378] [DEBUG] cheese - null
[2022-08-14T22:22:14.751] [DEBUG] cheese - login => username:admin,password:123456
[2022-08-14T22:22:14.753] [DEBUG] cheese - admin
[2022-08-14T22:22:14.811] [DEBUG] cheese - null
[2022-08-14T22:22:14.811] [DEBUG] cheese - null
[2022-08-15T13:25:27.326] [DEBUG] cheese - login => username:admin,password:123456
[2022-08-15T13:25:27.328] [DEBUG] cheese - admin
[2022-08-15T13:25:27.559] [DEBUG] cheese - null
[2022-08-15T13:25:27.559] [DEBUG] cheese - null
[2022-08-15T14:11:04.737] [DEBUG] cheese - login => username:admin,password:123456
[2022-08-15T14:11:04.737] [DEBUG] cheese - admin
[2022-08-15T14:11:04.741] [DEBUG] cheese - null
[2022-08-15T14:11:04.741] [DEBUG] cheese - null
[2022-08-15T16:52:04.541] [DEBUG] cheese - login => username:admin,password:123456
[2022-08-15T16:52:04.542] [DEBUG] cheese - admin
[2022-08-15T16:52:04.549] [DEBUG] cheese - null
[2022-08-15T16:52:04.549] [DEBUG] cheese - null
[2022-08-15T17:38:11.140] [DEBUG] cheese - null
[2022-08-16T09:16:07.005] [DEBUG] cheese - login => username:admin,password:123456
[2022-08-16T09:16:07.007] [DEBUG] cheese - admin
[2022-08-16T09:16:07.062] [DEBUG] cheese - null
[2022-08-16T09:16:07.062] [DEBUG] cheese - null
[2022-08-17T10:40:10.152] [DEBUG] cheese - login => username:admin,password:123456
[2022-08-17T10:40:10.154] [DEBUG] cheese - admin
[2022-08-17T10:40:10.244] [DEBUG] cheese - null
[2022-08-17T10:40:10.245] [DEBUG] cheese - null
[2022-08-21T15:03:59.095] [DEBUG] cheese - login => username:admin,password:123456
[2022-08-21T15:03:59.098] [DEBUG] cheese - admin
[2022-08-21T15:03:59.310] [DEBUG] cheese - null
[2022-08-21T15:03:59.311] [DEBUG] cheese - null
[2022-10-08T13:29:46.249] [DEBUG] cheese - login => username:admin,password:123456
[2022-10-08T13:29:46.251] [DEBUG] cheese - admin
[2022-10-08T13:29:46.264] [DEBUG] cheese - null
[2022-10-08T13:29:46.264] [DEBUG] cheese - null
[2022-10-08T15:43:46.332] [DEBUG] cheese - null
